<?xml version="1.0" encoding="UTF-8"?>
<!-- Generated by org.testng.reporters.JUnitReportReporter -->
<testsuite hostname="DESKTOP-C4DB2QQ" failures="0" tests="1" name="testcases.HomePageTest" time="1.860" errors="0" timestamp="29 Apr 2023 06:47:44 GMT" skipped="0">
  <testcase classname="testcases.HomePageTest" name="test3" time="1.860"/>
</testsuite> <!-- testcases.HomePageTest -->
