<?xml version="1.0" encoding="UTF-8"?>
<!-- Generated by org.testng.reporters.JUnitReportReporter -->
<testsuite hostname="DESKTOP-C4DB2QQ" failures="0" tests="3" name="testcases.LoginTest" time="20.726" errors="0" timestamp="30 Apr 2023 04:28:44 GMT" skipped="0">
  <testcase classname="testcases.LoginTest" name="test1" time="6.287"/>
  <testcase classname="testcases.LoginTest" name="test2" time="7.495"/>
  <testcase classname="testcases.LoginTest" name="test4" time="6.944"/>
</testsuite> <!-- testcases.LoginTest -->
