<?xml version="1.0" encoding="UTF-8"?>
<!-- Generated by org.testng.reporters.JUnitReportReporter -->
<testsuite skipped="0" hostname="DESKTOP-C4DB2QQ" name="testcases.HomePage" tests="1" failures="0" timestamp="30 Apr 2023 06:55:11 GMT" time="2.794" errors="0">
  <testcase name="test_3" time="2.794" classname="testcases.HomePage"/>
</testsuite> <!-- testcases.HomePage -->
